<?xml version="1.0" encoding="UTF-8"?>
<testsuite name="com.bridgelabs.NIOFileAPITest" tests="1" skipped="0" failures="0" errors="0" timestamp="2021-08-05T14:03:56" hostname="DESKTOP-IB61PHE" time="0.215">
  <properties/>
  <testcase name="givenPathWhen_CheckedThenConfirm" classname="com.bridgelabs.NIOFileAPITest" time="0.215"/>
  <system-out><![CDATA[C:\Users\admin\TempPlayGround\temp1
C:\Users\admin\TempPlayGround\temp2
C:\Users\admin\TempPlayGround\temp3
C:\Users\admin\TempPlayGround\temp4
C:\Users\admin\TempPlayGround\temp5
C:\Users\admin\TempPlayGround\temp6
C:\Users\admin\TempPlayGround\temp7
C:\Users\admin\TempPlayGround\temp8
C:\Users\admin\TempPlayGround\temp9
C:\Users\admin\TempPlayGround\temp1
C:\Users\admin\TempPlayGround\temp2
C:\Users\admin\TempPlayGround\temp3
C:\Users\admin\TempPlayGround\temp4
C:\Users\admin\TempPlayGround\temp5
C:\Users\admin\TempPlayGround\temp6
C:\Users\admin\TempPlayGround\temp7
C:\Users\admin\TempPlayGround\temp8
C:\Users\admin\TempPlayGround\temp9
]]></system-out>
  <system-err><![CDATA[]]></system-err>
</testsuite>
