<?xml version="1.0" encoding="UTF-8"?>
<testsuite name="com.bridgelabs.EmployeePayrollTest" tests="1" skipped="0" failures="0" errors="0" timestamp="2021-08-06T08:00:09" hostname="DESKTOP-IB61PHE" time="1.062">
  <properties/>
  <testcase name="givenThreeEmployees_WhenWrittenToFile_ShouldMatchEmployeeEntries" classname="com.bridgelabs.EmployeePayrollTest" time="1.062"/>
  <system-out><![CDATA[]]></system-out>
  <system-err><![CDATA[]]></system-err>
</testsuite>
